0 info it worked if it ends with ok
1 verbose cli [ '/usr/local/bin/node',
1 verbose cli   '/Users/ryanjohnson/.npm-global/bin/npm',
1 verbose cli   'run',
1 verbose cli   'build' ]
2 info using npm@3.10.5
3 info using node@v4.6.0
4 verbose run-script [ 'prebuild', 'build', 'postbuild' ]
5 info lifecycle portfolio-site@1.0.0~prebuild: portfolio-site@1.0.0
6 silly lifecycle portfolio-site@1.0.0~prebuild: no script for prebuild, continuing
7 info lifecycle portfolio-site@1.0.0~build: portfolio-site@1.0.0
8 verbose lifecycle portfolio-site@1.0.0~build: unsafe-perm in lifecycle true
9 verbose lifecycle portfolio-site@1.0.0~build: PATH: /Users/ryanjohnson/.npm-global/lib/node_modules/npm/bin/node-gyp-bin:/Users/ryanjohnson/projects/Portfolio-Site/node_modules/.bin:/usr/local/bin:/Users/ryanjohnson/.rvm/gems/ruby-2.3.0/bin:/Users/ryanjohnson/.rvm/gems/ruby-2.3.0@global/bin:/Users/ryanjohnson/.rvm/rubies/ruby-2.3.0/bin:/Users/ryanjohnson/.npm-global/bin:/Users/ryanjohnson/.rvm/gems/ruby-2.2.1/bin:/Users/ryanjohnson/.rvm/bin:/Users/ryanjohnson/.rvm/rubies/ruby-2.2.1/bin:/Users/ryanjohnson/.rvm/gems/ruby-2.2.1@global/bin:/usr/local/bin:/sbin:/bin:/usr/sbin:/usr/bin::/usr/local/sbin:/Users/ryanjohnson/bin:.:/Users/ryanjohnson/.rvm/bin:/Users/ryanjohnson/.rvm/bin
10 verbose lifecycle portfolio-site@1.0.0~build: CWD: /Users/ryanjohnson/projects/Portfolio-Site
11 silly lifecycle portfolio-site@1.0.0~build: Args: [ '-c',
11 silly lifecycle   'npm run clean && npm run mkdir && npm run build:html && npm run build:css && npm run build:js && npm run build:image' ]
12 silly lifecycle portfolio-site@1.0.0~build: Returned: code: 1  signal: null
13 info lifecycle portfolio-site@1.0.0~build: Failed to exec build script
14 verbose stack Error: portfolio-site@1.0.0 build: `npm run clean && npm run mkdir && npm run build:html && npm run build:css && npm run build:js && npm run build:image`
14 verbose stack Exit status 1
14 verbose stack     at EventEmitter.<anonymous> (/Users/ryanjohnson/.npm-global/lib/node_modules/npm/lib/utils/lifecycle.js:242:16)
14 verbose stack     at emitTwo (events.js:87:13)
14 verbose stack     at EventEmitter.emit (events.js:172:7)
14 verbose stack     at ChildProcess.<anonymous> (/Users/ryanjohnson/.npm-global/lib/node_modules/npm/lib/utils/spawn.js:40:14)
14 verbose stack     at emitTwo (events.js:87:13)
14 verbose stack     at ChildProcess.emit (events.js:172:7)
14 verbose stack     at maybeClose (internal/child_process.js:829:16)
14 verbose stack     at Process.ChildProcess._handle.onexit (internal/child_process.js:211:5)
15 verbose pkgid portfolio-site@1.0.0
16 verbose cwd /Users/ryanjohnson/projects/Portfolio-Site
17 error Darwin 15.4.0
18 error argv "/usr/local/bin/node" "/Users/ryanjohnson/.npm-global/bin/npm" "run" "build"
19 error node v4.6.0
20 error npm  v3.10.5
21 error code ELIFECYCLE
22 error portfolio-site@1.0.0 build: `npm run clean && npm run mkdir && npm run build:html && npm run build:css && npm run build:js && npm run build:image`
22 error Exit status 1
23 error Failed at the portfolio-site@1.0.0 build script 'npm run clean && npm run mkdir && npm run build:html && npm run build:css && npm run build:js && npm run build:image'.
23 error Make sure you have the latest version of node.js and npm installed.
23 error If you do, this is most likely a problem with the portfolio-site package,
23 error not with npm itself.
23 error Tell the author that this fails on your system:
23 error     npm run clean && npm run mkdir && npm run build:html && npm run build:css && npm run build:js && npm run build:image
23 error You can get information on how to open an issue for this project with:
23 error     npm bugs portfolio-site
23 error Or if that isn't available, you can get their info via:
23 error     npm owner ls portfolio-site
23 error There is likely additional logging output above.
24 verbose exit [ 1, true ]
